Vivado Simulator 2020.2
Copyright 1986-1999, 2001-2020 Xilinx, Inc. All Rights Reserved.
Running: C:/Xilinx/Vivado/2020.2/bin/unwrapped/win64.o/xelab.exe -wto 5c70773e2bbb4a6597024552c394e04d --incr --debug typical --relax --mt 2 -L xil_defaultlib -L secureip --snapshot fault_tolerant_tb_behav xil_defaultlib.fault_tolerant_tb -log elaborate.log 
Using 2 slave threads.
Starting static elaboration
Completed static elaboration
Starting simulation data flow analysis
Completed simulation data flow analysis
Time Resolution for simulation is 1ps
Compiling package std.standard
Compiling package std.textio
Compiling package ieee.std_logic_1164
Compiling package ieee.std_logic_arith
Compiling package ieee.std_logic_unsigned
Compiling package ieee.numeric_std
Compiling package xil_defaultlib.txt_util
Compiling package xil_defaultlib.util_pkg
Compiling architecture behavioral of entity xil_defaultlib.mac [\mac(input_data_width=17)\]
Compiling architecture behavioral of entity xil_defaultlib.fir_filtar [fir_filtar_default]
Compiling architecture behavioral of entity xil_defaultlib.module [module_default]
Compiling architecture behavioral of entity xil_defaultlib.fault_tolerant [fault_tolerant_default]
Compiling architecture behavioral of entity xil_defaultlib.fault_tolerant_tb
Built simulation snapshot fault_tolerant_tb_behav
