Copyright 1986-2020 Xilinx, Inc. All Rights Reserved.
------------------------------------------------------------------------------------------------------------------------------------
| Tool Version : Vivado v.2020.2 (win64) Build 3064766 Wed Nov 18 09:12:45 MST 2020
| Date         : Thu Feb  2 23:12:58 2023
| Host         : DESKTOP-POC374B running 64-bit major release  (build 9200)
| Command      : report_drc -file fault_tolerant_drc_routed.rpt -pb fault_tolerant_drc_routed.pb -rpx fault_tolerant_drc_routed.rpx
| Design       : fault_tolerant
| Device       : xc7z010clg400-1
| Speed File   : -1
| Design State : Fully Routed
------------------------------------------------------------------------------------------------------------------------------------

Report DRC

Table of Contents
-----------------
1. REPORT SUMMARY
2. REPORT DETAILS

1. REPORT SUMMARY
-----------------
            Netlist: netlist
          Floorplan: design_1
      Design limits: <entire design considered>
           Ruledeck: default
             Max violations: <unlimited>
             Violations found: 68
+-----------+------------------+----------------------------+------------+
| Rule      | Severity         | Description                | Violations |
+-----------+------------------+----------------------------+------------+
| NSTD-1    | Critical Warning | Unspecified I/O Standard   | 1          |
| UCIO-1    | Critical Warning | Unconstrained Logical Port | 1          |
| DPIP-1    | Warning          | Input pipelining           | 64         |
| RTSTAT-10 | Warning          | No routable loads          | 1          |
| ZPS7-1    | Warning          | PS7 block required         | 1          |
+-----------+------------------+----------------------------+------------+

2. REPORT DETAILS
-----------------
NSTD-1#1 Critical Warning
Unspecified I/O Standard  
62 out of 62 logical ports use I/O standard (IOSTANDARD) value 'DEFAULT', instead of a user assigned specific value. This may cause I/O contention or incompatibility with the board power or connectivity affecting performance, signal integrity or in extreme cases cause damage to the device or the components to which it is connected. To correct this violation, specify all I/O standards. This design will fail to generate a bitstream unless all logical ports have a user specified I/O standard value defined. To allow bitstream creation with unspecified I/O standard values (not recommended), use this command: set_property SEVERITY {Warning} [get_drc_checks NSTD-1].  NOTE: When using the Vivado Runs infrastructure (e.g. launch_runs Tcl command), add this command to a .tcl file and add that file as a pre-hook for write_bitstream step for the implementation run. Problem ports: axi_tdata_i[16:0], axi_tdata_o[16:0], axi_tready_i, axi_tready_o,
axi_tvalid_i, axi_tvalid_o, clk_i, coef_addr_i[3:0], coef_i[16:0], rst_i
we_i.
Related violations: <none>

UCIO-1#1 Critical Warning
Unconstrained Logical Port  
62 out of 62 logical ports have no user assigned specific location constraint (LOC). This may cause I/O contention or incompatibility with the board power or connectivity affecting performance, signal integrity or in extreme cases cause damage to the device or the components to which it is connected. To correct this violation, specify all pin locations. This design will fail to generate a bitstream unless all logical ports have a user specified site LOC constraint defined.  To allow bitstream creation with unspecified pin locations (not recommended), use this command: set_property SEVERITY {Warning} [get_drc_checks UCIO-1].  NOTE: When using the Vivado Runs infrastructure (e.g. launch_runs Tcl command), add this command to a .tcl file and add that file as a pre-hook for write_bitstream step for the implementation run.  Problem ports: axi_tdata_i[16:0], axi_tdata_o[16:0], axi_tready_i, axi_tready_o,
axi_tvalid_i, axi_tvalid_o, clk_i, coef_addr_i[3:0], coef_i[16:0], rst_i
we_i.
Related violations: <none>

DPIP-1#1 Warning
Input pipelining  
DSP module_gen[0].modules/fir_filter_0/other_sections[1].fir_section/sum_reg_reg input module_gen[0].modules/fir_filter_0/other_sections[1].fir_section/sum_reg_reg/C[47:0] is not pipelined. Pipelining DSP48 input will improve performance.
Related violations: <none>

DPIP-1#2 Warning
Input pipelining  
DSP module_gen[0].modules/fir_filter_0/other_sections[2].fir_section/sum_reg_reg input module_gen[0].modules/fir_filter_0/other_sections[2].fir_section/sum_reg_reg/C[47:0] is not pipelined. Pipelining DSP48 input will improve performance.
Related violations: <none>

DPIP-1#3 Warning
Input pipelining  
DSP module_gen[0].modules/fir_filter_0/other_sections[3].fir_section/sum_reg_reg input module_gen[0].modules/fir_filter_0/other_sections[3].fir_section/sum_reg_reg/C[47:0] is not pipelined. Pipelining DSP48 input will improve performance.
Related violations: <none>

DPIP-1#4 Warning
Input pipelining  
DSP module_gen[0].modules/fir_filter_0/other_sections[4].fir_section/sum_reg_reg input module_gen[0].modules/fir_filter_0/other_sections[4].fir_section/sum_reg_reg/C[47:0] is not pipelined. Pipelining DSP48 input will improve performance.
Related violations: <none>

DPIP-1#5 Warning
Input pipelining  
DSP module_gen[0].modules/fir_filter_0/other_sections[5].fir_section/sum_reg_reg input module_gen[0].modules/fir_filter_0/other_sections[5].fir_section/sum_reg_reg/C[47:0] is not pipelined. Pipelining DSP48 input will improve performance.
Related violations: <none>

DPIP-1#6 Warning
Input pipelining  
DSP module_gen[0].modules/fir_filter_0/other_sections[6].fir_section/sum_reg_reg input module_gen[0].modules/fir_filter_0/other_sections[6].fir_section/sum_reg_reg/C[47:0] is not pipelined. Pipelining DSP48 input will improve performance.
Related violations: <none>

DPIP-1#7 Warning
Input pipelining  
DSP module_gen[0].modules/fir_filter_0/other_sections[7].fir_section/sum_reg_reg input module_gen[0].modules/fir_filter_0/other_sections[7].fir_section/sum_reg_reg/C[47:0] is not pipelined. Pipelining DSP48 input will improve performance.
Related violations: <none>

DPIP-1#8 Warning
Input pipelining  
DSP module_gen[0].modules/fir_filter_0/other_sections[8].fir_section/sum_reg_reg input module_gen[0].modules/fir_filter_0/other_sections[8].fir_section/sum_reg_reg/C[47:0] is not pipelined. Pipelining DSP48 input will improve performance.
Related violations: <none>

DPIP-1#9 Warning
Input pipelining  
DSP module_gen[0].modules/fir_filter_1/other_sections[1].fir_section/sum_reg_reg input module_gen[0].modules/fir_filter_1/other_sections[1].fir_section/sum_reg_reg/C[47:0] is not pipelined. Pipelining DSP48 input will improve performance.
Related violations: <none>

DPIP-1#10 Warning
Input pipelining  
DSP module_gen[0].modules/fir_filter_1/other_sections[2].fir_section/sum_reg_reg input module_gen[0].modules/fir_filter_1/other_sections[2].fir_section/sum_reg_reg/C[47:0] is not pipelined. Pipelining DSP48 input will improve performance.
Related violations: <none>

DPIP-1#11 Warning
Input pipelining  
DSP module_gen[0].modules/fir_filter_1/other_sections[3].fir_section/sum_reg_reg input module_gen[0].modules/fir_filter_1/other_sections[3].fir_section/sum_reg_reg/C[47:0] is not pipelined. Pipelining DSP48 input will improve performance.
Related violations: <none>

DPIP-1#12 Warning
Input pipelining  
DSP module_gen[0].modules/fir_filter_1/other_sections[4].fir_section/sum_reg_reg input module_gen[0].modules/fir_filter_1/other_sections[4].fir_section/sum_reg_reg/C[47:0] is not pipelined. Pipelining DSP48 input will improve performance.
Related violations: <none>

DPIP-1#13 Warning
Input pipelining  
DSP module_gen[0].modules/fir_filter_1/other_sections[5].fir_section/sum_reg_reg input module_gen[0].modules/fir_filter_1/other_sections[5].fir_section/sum_reg_reg/C[47:0] is not pipelined. Pipelining DSP48 input will improve performance.
Related violations: <none>

DPIP-1#14 Warning
Input pipelining  
DSP module_gen[0].modules/fir_filter_1/other_sections[6].fir_section/sum_reg_reg input module_gen[0].modules/fir_filter_1/other_sections[6].fir_section/sum_reg_reg/C[47:0] is not pipelined. Pipelining DSP48 input will improve performance.
Related violations: <none>

DPIP-1#15 Warning
Input pipelining  
DSP module_gen[0].modules/fir_filter_1/other_sections[7].fir_section/sum_reg_reg input module_gen[0].modules/fir_filter_1/other_sections[7].fir_section/sum_reg_reg/C[47:0] is not pipelined. Pipelining DSP48 input will improve performance.
Related violations: <none>

DPIP-1#16 Warning
Input pipelining  
DSP module_gen[0].modules/fir_filter_1/other_sections[8].fir_section/sum_reg_reg input module_gen[0].modules/fir_filter_1/other_sections[8].fir_section/sum_reg_reg/C[47:0] is not pipelined. Pipelining DSP48 input will improve performance.
Related violations: <none>

DPIP-1#17 Warning
Input pipelining  
DSP module_gen[1].modules/fir_filter_0/other_sections[1].fir_section/sum_reg_reg input module_gen[1].modules/fir_filter_0/other_sections[1].fir_section/sum_reg_reg/C[47:0] is not pipelined. Pipelining DSP48 input will improve performance.
Related violations: <none>

DPIP-1#18 Warning
Input pipelining  
DSP module_gen[1].modules/fir_filter_0/other_sections[2].fir_section/sum_reg_reg input module_gen[1].modules/fir_filter_0/other_sections[2].fir_section/sum_reg_reg/C[47:0] is not pipelined. Pipelining DSP48 input will improve performance.
Related violations: <none>

DPIP-1#19 Warning
Input pipelining  
DSP module_gen[1].modules/fir_filter_0/other_sections[3].fir_section/sum_reg_reg input module_gen[1].modules/fir_filter_0/other_sections[3].fir_section/sum_reg_reg/C[47:0] is not pipelined. Pipelining DSP48 input will improve performance.
Related violations: <none>

DPIP-1#20 Warning
Input pipelining  
DSP module_gen[1].modules/fir_filter_0/other_sections[4].fir_section/sum_reg_reg input module_gen[1].modules/fir_filter_0/other_sections[4].fir_section/sum_reg_reg/C[47:0] is not pipelined. Pipelining DSP48 input will improve performance.
Related violations: <none>

DPIP-1#21 Warning
Input pipelining  
DSP module_gen[1].modules/fir_filter_0/other_sections[5].fir_section/sum_reg_reg input module_gen[1].modules/fir_filter_0/other_sections[5].fir_section/sum_reg_reg/C[47:0] is not pipelined. Pipelining DSP48 input will improve performance.
Related violations: <none>

DPIP-1#22 Warning
Input pipelining  
DSP module_gen[1].modules/fir_filter_0/other_sections[6].fir_section/sum_reg_reg input module_gen[1].modules/fir_filter_0/other_sections[6].fir_section/sum_reg_reg/C[47:0] is not pipelined. Pipelining DSP48 input will improve performance.
Related violations: <none>

DPIP-1#23 Warning
Input pipelining  
DSP module_gen[1].modules/fir_filter_0/other_sections[7].fir_section/sum_reg_reg input module_gen[1].modules/fir_filter_0/other_sections[7].fir_section/sum_reg_reg/C[47:0] is not pipelined. Pipelining DSP48 input will improve performance.
Related violations: <none>

DPIP-1#24 Warning
Input pipelining  
DSP module_gen[1].modules/fir_filter_0/other_sections[8].fir_section/sum_reg_reg input module_gen[1].modules/fir_filter_0/other_sections[8].fir_section/sum_reg_reg/C[47:0] is not pipelined. Pipelining DSP48 input will improve performance.
Related violations: <none>

DPIP-1#25 Warning
Input pipelining  
DSP module_gen[1].modules/fir_filter_1/other_sections[1].fir_section/sum_reg_reg input module_gen[1].modules/fir_filter_1/other_sections[1].fir_section/sum_reg_reg/C[47:0] is not pipelined. Pipelining DSP48 input will improve performance.
Related violations: <none>

DPIP-1#26 Warning
Input pipelining  
DSP module_gen[1].modules/fir_filter_1/other_sections[2].fir_section/sum_reg_reg input module_gen[1].modules/fir_filter_1/other_sections[2].fir_section/sum_reg_reg/C[47:0] is not pipelined. Pipelining DSP48 input will improve performance.
Related violations: <none>

DPIP-1#27 Warning
Input pipelining  
DSP module_gen[1].modules/fir_filter_1/other_sections[3].fir_section/sum_reg_reg input module_gen[1].modules/fir_filter_1/other_sections[3].fir_section/sum_reg_reg/C[47:0] is not pipelined. Pipelining DSP48 input will improve performance.
Related violations: <none>

DPIP-1#28 Warning
Input pipelining  
DSP module_gen[1].modules/fir_filter_1/other_sections[4].fir_section/sum_reg_reg input module_gen[1].modules/fir_filter_1/other_sections[4].fir_section/sum_reg_reg/C[47:0] is not pipelined. Pipelining DSP48 input will improve performance.
Related violations: <none>

DPIP-1#29 Warning
Input pipelining  
DSP module_gen[1].modules/fir_filter_1/other_sections[5].fir_section/sum_reg_reg input module_gen[1].modules/fir_filter_1/other_sections[5].fir_section/sum_reg_reg/C[47:0] is not pipelined. Pipelining DSP48 input will improve performance.
Related violations: <none>

DPIP-1#30 Warning
Input pipelining  
DSP module_gen[1].modules/fir_filter_1/other_sections[6].fir_section/sum_reg_reg input module_gen[1].modules/fir_filter_1/other_sections[6].fir_section/sum_reg_reg/C[47:0] is not pipelined. Pipelining DSP48 input will improve performance.
Related violations: <none>

DPIP-1#31 Warning
Input pipelining  
DSP module_gen[1].modules/fir_filter_1/other_sections[7].fir_section/sum_reg_reg input module_gen[1].modules/fir_filter_1/other_sections[7].fir_section/sum_reg_reg/C[47:0] is not pipelined. Pipelining DSP48 input will improve performance.
Related violations: <none>

DPIP-1#32 Warning
Input pipelining  
DSP module_gen[1].modules/fir_filter_1/other_sections[8].fir_section/sum_reg_reg input module_gen[1].modules/fir_filter_1/other_sections[8].fir_section/sum_reg_reg/C[47:0] is not pipelined. Pipelining DSP48 input will improve performance.
Related violations: <none>

DPIP-1#33 Warning
Input pipelining  
DSP module_gen[2].modules/fir_filter_0/other_sections[1].fir_section/sum_reg_reg input module_gen[2].modules/fir_filter_0/other_sections[1].fir_section/sum_reg_reg/C[47:0] is not pipelined. Pipelining DSP48 input will improve performance.
Related violations: <none>

DPIP-1#34 Warning
Input pipelining  
DSP module_gen[2].modules/fir_filter_0/other_sections[2].fir_section/sum_reg_reg input module_gen[2].modules/fir_filter_0/other_sections[2].fir_section/sum_reg_reg/C[47:0] is not pipelined. Pipelining DSP48 input will improve performance.
Related violations: <none>

DPIP-1#35 Warning
Input pipelining  
DSP module_gen[2].modules/fir_filter_0/other_sections[3].fir_section/sum_reg_reg input module_gen[2].modules/fir_filter_0/other_sections[3].fir_section/sum_reg_reg/C[47:0] is not pipelined. Pipelining DSP48 input will improve performance.
Related violations: <none>

DPIP-1#36 Warning
Input pipelining  
DSP module_gen[2].modules/fir_filter_0/other_sections[4].fir_section/sum_reg_reg input module_gen[2].modules/fir_filter_0/other_sections[4].fir_section/sum_reg_reg/C[47:0] is not pipelined. Pipelining DSP48 input will improve performance.
Related violations: <none>

DPIP-1#37 Warning
Input pipelining  
DSP module_gen[2].modules/fir_filter_0/other_sections[5].fir_section/sum_reg_reg input module_gen[2].modules/fir_filter_0/other_sections[5].fir_section/sum_reg_reg/C[47:0] is not pipelined. Pipelining DSP48 input will improve performance.
Related violations: <none>

DPIP-1#38 Warning
Input pipelining  
DSP module_gen[2].modules/fir_filter_0/other_sections[6].fir_section/sum_reg_reg input module_gen[2].modules/fir_filter_0/other_sections[6].fir_section/sum_reg_reg/C[47:0] is not pipelined. Pipelining DSP48 input will improve performance.
Related violations: <none>

DPIP-1#39 Warning
Input pipelining  
DSP module_gen[2].modules/fir_filter_0/other_sections[7].fir_section/sum_reg_reg input module_gen[2].modules/fir_filter_0/other_sections[7].fir_section/sum_reg_reg/C[47:0] is not pipelined. Pipelining DSP48 input will improve performance.
Related violations: <none>

DPIP-1#40 Warning
Input pipelining  
DSP module_gen[2].modules/fir_filter_0/other_sections[8].fir_section/sum_reg_reg input module_gen[2].modules/fir_filter_0/other_sections[8].fir_section/sum_reg_reg/C[47:0] is not pipelined. Pipelining DSP48 input will improve performance.
Related violations: <none>

DPIP-1#41 Warning
Input pipelining  
DSP module_gen[2].modules/fir_filter_1/other_sections[1].fir_section/sum_reg_reg input module_gen[2].modules/fir_filter_1/other_sections[1].fir_section/sum_reg_reg/C[47:0] is not pipelined. Pipelining DSP48 input will improve performance.
Related violations: <none>

DPIP-1#42 Warning
Input pipelining  
DSP module_gen[2].modules/fir_filter_1/other_sections[2].fir_section/sum_reg_reg input module_gen[2].modules/fir_filter_1/other_sections[2].fir_section/sum_reg_reg/C[47:0] is not pipelined. Pipelining DSP48 input will improve performance.
Related violations: <none>

DPIP-1#43 Warning
Input pipelining  
DSP module_gen[2].modules/fir_filter_1/other_sections[3].fir_section/sum_reg_reg input module_gen[2].modules/fir_filter_1/other_sections[3].fir_section/sum_reg_reg/C[47:0] is not pipelined. Pipelining DSP48 input will improve performance.
Related violations: <none>

DPIP-1#44 Warning
Input pipelining  
DSP module_gen[2].modules/fir_filter_1/other_sections[4].fir_section/sum_reg_reg input module_gen[2].modules/fir_filter_1/other_sections[4].fir_section/sum_reg_reg/C[47:0] is not pipelined. Pipelining DSP48 input will improve performance.
Related violations: <none>

DPIP-1#45 Warning
Input pipelining  
DSP module_gen[2].modules/fir_filter_1/other_sections[5].fir_section/sum_reg_reg input module_gen[2].modules/fir_filter_1/other_sections[5].fir_section/sum_reg_reg/C[47:0] is not pipelined. Pipelining DSP48 input will improve performance.
Related violations: <none>

DPIP-1#46 Warning
Input pipelining  
DSP module_gen[2].modules/fir_filter_1/other_sections[6].fir_section/sum_reg_reg input module_gen[2].modules/fir_filter_1/other_sections[6].fir_section/sum_reg_reg/C[47:0] is not pipelined. Pipelining DSP48 input will improve performance.
Related violations: <none>

DPIP-1#47 Warning
Input pipelining  
DSP module_gen[2].modules/fir_filter_1/other_sections[7].fir_section/sum_reg_reg input module_gen[2].modules/fir_filter_1/other_sections[7].fir_section/sum_reg_reg/C[47:0] is not pipelined. Pipelining DSP48 input will improve performance.
Related violations: <none>

DPIP-1#48 Warning
Input pipelining  
DSP module_gen[2].modules/fir_filter_1/other_sections[8].fir_section/sum_reg_reg input module_gen[2].modules/fir_filter_1/other_sections[8].fir_section/sum_reg_reg/C[47:0] is not pipelined. Pipelining DSP48 input will improve performance.
Related violations: <none>

DPIP-1#49 Warning
Input pipelining  
DSP module_gen[3].modules/fir_filter_0/other_sections[1].fir_section/sum_reg_reg input module_gen[3].modules/fir_filter_0/other_sections[1].fir_section/sum_reg_reg/C[47:0] is not pipelined. Pipelining DSP48 input will improve performance.
Related violations: <none>

DPIP-1#50 Warning
Input pipelining  
DSP module_gen[3].modules/fir_filter_0/other_sections[2].fir_section/sum_reg_reg input module_gen[3].modules/fir_filter_0/other_sections[2].fir_section/sum_reg_reg/C[47:0] is not pipelined. Pipelining DSP48 input will improve performance.
Related violations: <none>

DPIP-1#51 Warning
Input pipelining  
DSP module_gen[3].modules/fir_filter_0/other_sections[3].fir_section/sum_reg_reg input module_gen[3].modules/fir_filter_0/other_sections[3].fir_section/sum_reg_reg/C[47:0] is not pipelined. Pipelining DSP48 input will improve performance.
Related violations: <none>

DPIP-1#52 Warning
Input pipelining  
DSP module_gen[3].modules/fir_filter_0/other_sections[4].fir_section/sum_reg_reg input module_gen[3].modules/fir_filter_0/other_sections[4].fir_section/sum_reg_reg/C[47:0] is not pipelined. Pipelining DSP48 input will improve performance.
Related violations: <none>

DPIP-1#53 Warning
Input pipelining  
DSP module_gen[3].modules/fir_filter_0/other_sections[5].fir_section/sum_reg_reg input module_gen[3].modules/fir_filter_0/other_sections[5].fir_section/sum_reg_reg/C[47:0] is not pipelined. Pipelining DSP48 input will improve performance.
Related violations: <none>

DPIP-1#54 Warning
Input pipelining  
DSP module_gen[3].modules/fir_filter_0/other_sections[6].fir_section/sum_reg_reg input module_gen[3].modules/fir_filter_0/other_sections[6].fir_section/sum_reg_reg/C[47:0] is not pipelined. Pipelining DSP48 input will improve performance.
Related violations: <none>

DPIP-1#55 Warning
Input pipelining  
DSP module_gen[3].modules/fir_filter_0/other_sections[7].fir_section/sum_reg_reg input module_gen[3].modules/fir_filter_0/other_sections[7].fir_section/sum_reg_reg/C[47:0] is not pipelined. Pipelining DSP48 input will improve performance.
Related violations: <none>

DPIP-1#56 Warning
Input pipelining  
DSP module_gen[3].modules/fir_filter_0/other_sections[8].fir_section/sum_reg_reg input module_gen[3].modules/fir_filter_0/other_sections[8].fir_section/sum_reg_reg/C[47:0] is not pipelined. Pipelining DSP48 input will improve performance.
Related violations: <none>

DPIP-1#57 Warning
Input pipelining  
DSP module_gen[3].modules/fir_filter_1/other_sections[1].fir_section/sum_reg_reg input module_gen[3].modules/fir_filter_1/other_sections[1].fir_section/sum_reg_reg/C[47:0] is not pipelined. Pipelining DSP48 input will improve performance.
Related violations: <none>

DPIP-1#58 Warning
Input pipelining  
DSP module_gen[3].modules/fir_filter_1/other_sections[2].fir_section/sum_reg_reg input module_gen[3].modules/fir_filter_1/other_sections[2].fir_section/sum_reg_reg/C[47:0] is not pipelined. Pipelining DSP48 input will improve performance.
Related violations: <none>

DPIP-1#59 Warning
Input pipelining  
DSP module_gen[3].modules/fir_filter_1/other_sections[3].fir_section/sum_reg_reg input module_gen[3].modules/fir_filter_1/other_sections[3].fir_section/sum_reg_reg/C[47:0] is not pipelined. Pipelining DSP48 input will improve performance.
Related violations: <none>

DPIP-1#60 Warning
Input pipelining  
DSP module_gen[3].modules/fir_filter_1/other_sections[4].fir_section/sum_reg_reg input module_gen[3].modules/fir_filter_1/other_sections[4].fir_section/sum_reg_reg/C[47:0] is not pipelined. Pipelining DSP48 input will improve performance.
Related violations: <none>

DPIP-1#61 Warning
Input pipelining  
DSP module_gen[3].modules/fir_filter_1/other_sections[5].fir_section/sum_reg_reg input module_gen[3].modules/fir_filter_1/other_sections[5].fir_section/sum_reg_reg/C[47:0] is not pipelined. Pipelining DSP48 input will improve performance.
Related violations: <none>

DPIP-1#62 Warning
Input pipelining  
DSP module_gen[3].modules/fir_filter_1/other_sections[6].fir_section/sum_reg_reg input module_gen[3].modules/fir_filter_1/other_sections[6].fir_section/sum_reg_reg/C[47:0] is not pipelined. Pipelining DSP48 input will improve performance.
Related violations: <none>

DPIP-1#63 Warning
Input pipelining  
DSP module_gen[3].modules/fir_filter_1/other_sections[7].fir_section/sum_reg_reg input module_gen[3].modules/fir_filter_1/other_sections[7].fir_section/sum_reg_reg/C[47:0] is not pipelined. Pipelining DSP48 input will improve performance.
Related violations: <none>

DPIP-1#64 Warning
Input pipelining  
DSP module_gen[3].modules/fir_filter_1/other_sections[8].fir_section/sum_reg_reg input module_gen[3].modules/fir_filter_1/other_sections[8].fir_section/sum_reg_reg/C[47:0] is not pipelined. Pipelining DSP48 input will improve performance.
Related violations: <none>

RTSTAT-10#1 Warning
No routable loads  
4 net(s) have no routable loads. The problem bus(es) and/or net(s) are error_mux[3][1:0], error_mux[4][1:0].
Related violations: <none>

ZPS7-1#1 Warning
PS7 block required  
The PS7 cell must be used in this Zynq design in order to enable correct default configuration.
Related violations: <none>


