
*** Running vivado
    with args -log fir_filtar.vds -m64 -product Vivado -mode batch -messageDb vivado.pb -notrace -source fir_filtar.tcl



****** Vivado v2020.2 (64-bit)
  **** SW Build 3064766 on Wed Nov 18 09:12:45 MST 2020
  **** IP Build 3064653 on Wed Nov 18 14:17:31 MST 2020
    ** Copyright 1986-2020 Xilinx, Inc. All Rights Reserved.

source fir_filtar.tcl -notrace
Command: synth_design -top fir_filtar -part xc7z010clg400-1 -mode Out_of_context
Starting synth_design
Attempting to get a license for feature 'Synthesis' and/or device 'xc7z010'
INFO: [Common 17-349] Got license for feature 'Synthesis' and/or device 'xc7z010'
INFO: [Device 21-403] Loading part xc7z010clg400-1
INFO: [Synth 8-7079] Multithreading enabled for synth_design using a maximum of 2 processes.
INFO: [Synth 8-7078] Launching helper process for spawning children vivado processes
INFO: [Synth 8-7075] Helper process launched with PID 12752
---------------------------------------------------------------------------------
Starting RTL Elaboration : Time (s): cpu = 00:00:05 ; elapsed = 00:00:05 . Memory (MB): peak = 1142.074 ; gain = 15.484
---------------------------------------------------------------------------------
INFO: [Synth 8-638] synthesizing module 'fir_filtar' [C:/Users/Andrej/Desktop/git/otporni/fir_filtar/fir_filtar.srcs/sources_1/new/fir_filtar.vhd:56]
	Parameter fir_ord bound to: 20 - type: integer 
	Parameter input_data_width bound to: 17 - type: integer 
	Parameter fixed_width bound to: 1 - type: integer 
	Parameter output_data_width bound to: 17 - type: integer 
INFO: [Synth 8-638] synthesizing module 'mac' [C:/Users/Andrej/Desktop/git/otporni/fir_filtar/fir_filtar.srcs/sources_1/new/mac.vhd:47]
	Parameter input_data_width bound to: 17 - type: integer 
INFO: [Synth 8-256] done synthesizing module 'mac' (1#1) [C:/Users/Andrej/Desktop/git/otporni/fir_filtar/fir_filtar.srcs/sources_1/new/mac.vhd:47]
INFO: [Synth 8-256] done synthesizing module 'fir_filtar' (2#1) [C:/Users/Andrej/Desktop/git/otporni/fir_filtar/fir_filtar.srcs/sources_1/new/fir_filtar.vhd:56]
---------------------------------------------------------------------------------
Finished RTL Elaboration : Time (s): cpu = 00:00:06 ; elapsed = 00:00:06 . Memory (MB): peak = 1195.773 ; gain = 69.184
---------------------------------------------------------------------------------
---------------------------------------------------------------------------------
Start Handling Custom Attributes
---------------------------------------------------------------------------------
---------------------------------------------------------------------------------
Finished Handling Custom Attributes : Time (s): cpu = 00:00:06 ; elapsed = 00:00:07 . Memory (MB): peak = 1195.773 ; gain = 69.184
---------------------------------------------------------------------------------
---------------------------------------------------------------------------------
Finished RTL Optimization Phase 1 : Time (s): cpu = 00:00:06 ; elapsed = 00:00:07 . Memory (MB): peak = 1195.773 ; gain = 69.184
---------------------------------------------------------------------------------
Netlist sorting complete. Time (s): cpu = 00:00:00 ; elapsed = 00:00:00.061 . Memory (MB): peak = 1195.773 ; gain = 0.000
INFO: [Project 1-570] Preparing netlist for logic optimization

Processing XDC Constraints
Initializing timing engine
Parsing XDC File [C:/Users/Andrej/Desktop/git/otporni/fir_filtar/fir_filtar.srcs/constrs_1/new/clock_constraint.xdc]
Finished Parsing XDC File [C:/Users/Andrej/Desktop/git/otporni/fir_filtar/fir_filtar.srcs/constrs_1/new/clock_constraint.xdc]
Completed Processing XDC Constraints

Netlist sorting complete. Time (s): cpu = 00:00:00 ; elapsed = 00:00:00 . Memory (MB): peak = 1309.613 ; gain = 0.000
INFO: [Project 1-111] Unisim Transformation Summary:
No Unisim elements were transformed.

Constraint Validation Runtime : Time (s): cpu = 00:00:00 ; elapsed = 00:00:00.053 . Memory (MB): peak = 1321.789 ; gain = 12.176
---------------------------------------------------------------------------------
Finished Constraint Validation : Time (s): cpu = 00:00:13 ; elapsed = 00:00:14 . Memory (MB): peak = 1321.789 ; gain = 195.199
---------------------------------------------------------------------------------
---------------------------------------------------------------------------------
Start Loading Part and Timing Information
---------------------------------------------------------------------------------
Loading part: xc7z010clg400-1
---------------------------------------------------------------------------------
Finished Loading Part and Timing Information : Time (s): cpu = 00:00:13 ; elapsed = 00:00:14 . Memory (MB): peak = 1321.789 ; gain = 195.199
---------------------------------------------------------------------------------
---------------------------------------------------------------------------------
Start Applying 'set_property' XDC Constraints
---------------------------------------------------------------------------------
---------------------------------------------------------------------------------
Finished applying 'set_property' XDC Constraints : Time (s): cpu = 00:00:13 ; elapsed = 00:00:14 . Memory (MB): peak = 1321.789 ; gain = 195.199
---------------------------------------------------------------------------------
---------------------------------------------------------------------------------
Finished RTL Optimization Phase 2 : Time (s): cpu = 00:00:13 ; elapsed = 00:00:14 . Memory (MB): peak = 1321.789 ; gain = 195.199
---------------------------------------------------------------------------------
---------------------------------------------------------------------------------
Start RTL Component Statistics 
---------------------------------------------------------------------------------
Detailed RTL Component Info : 
+---Registers : 
	               17 Bit    Registers := 42    
+---Muxes : 
	   2 Input    1 Bit        Muxes := 20    
---------------------------------------------------------------------------------
Finished RTL Component Statistics 
---------------------------------------------------------------------------------
---------------------------------------------------------------------------------
Start Part Resource Summary
---------------------------------------------------------------------------------
Part Resources:
DSPs: 80 (col length:40)
BRAMs: 120 (col length: RAMB18 40 RAMB36 20)
---------------------------------------------------------------------------------
Finished Part Resource Summary
---------------------------------------------------------------------------------
---------------------------------------------------------------------------------
Start Cross Boundary and Area Optimization
---------------------------------------------------------------------------------
DSP Report: Generating DSP sum_reg_reg, operation Mode is: (C+(A2*B2)')'.
DSP Report: register b_reg_reg is absorbed into DSP sum_reg_reg.
DSP Report: register a_reg_reg is absorbed into DSP sum_reg_reg.
DSP Report: register sum_reg_reg is absorbed into DSP sum_reg_reg.
DSP Report: register m_reg_reg is absorbed into DSP sum_reg_reg.
DSP Report: operator sum_next is absorbed into DSP sum_reg_reg.
DSP Report: operator m_next is absorbed into DSP sum_reg_reg.
DSP Report: Generating DSP sum_reg_reg, operation Mode is: (C+(A2*B2)')'.
DSP Report: register b_reg_reg is absorbed into DSP sum_reg_reg.
DSP Report: register a_reg_reg is absorbed into DSP sum_reg_reg.
DSP Report: register sum_reg_reg is absorbed into DSP sum_reg_reg.
DSP Report: register m_reg_reg is absorbed into DSP sum_reg_reg.
DSP Report: operator sum_next is absorbed into DSP sum_reg_reg.
DSP Report: operator m_next is absorbed into DSP sum_reg_reg.
DSP Report: Generating DSP sum_reg_reg, operation Mode is: (C+(A2*B2)')'.
DSP Report: register b_reg_reg is absorbed into DSP sum_reg_reg.
DSP Report: register a_reg_reg is absorbed into DSP sum_reg_reg.
DSP Report: register sum_reg_reg is absorbed into DSP sum_reg_reg.
DSP Report: register m_reg_reg is absorbed into DSP sum_reg_reg.
DSP Report: operator sum_next is absorbed into DSP sum_reg_reg.
DSP Report: operator m_next is absorbed into DSP sum_reg_reg.
DSP Report: Generating DSP sum_reg_reg, operation Mode is: (C+(A2*B2)')'.
DSP Report: register b_reg_reg is absorbed into DSP sum_reg_reg.
DSP Report: register a_reg_reg is absorbed into DSP sum_reg_reg.
DSP Report: register sum_reg_reg is absorbed into DSP sum_reg_reg.
DSP Report: register m_reg_reg is absorbed into DSP sum_reg_reg.
DSP Report: operator sum_next is absorbed into DSP sum_reg_reg.
DSP Report: operator m_next is absorbed into DSP sum_reg_reg.
DSP Report: Generating DSP sum_reg_reg, operation Mode is: (C+(A2*B2)')'.
DSP Report: register b_reg_reg is absorbed into DSP sum_reg_reg.
DSP Report: register a_reg_reg is absorbed into DSP sum_reg_reg.
DSP Report: register sum_reg_reg is absorbed into DSP sum_reg_reg.
DSP Report: register m_reg_reg is absorbed into DSP sum_reg_reg.
DSP Report: operator sum_next is absorbed into DSP sum_reg_reg.
DSP Report: operator m_next is absorbed into DSP sum_reg_reg.
DSP Report: Generating DSP sum_reg_reg, operation Mode is: (C+(A2*B2)')'.
DSP Report: register b_reg_reg is absorbed into DSP sum_reg_reg.
DSP Report: register a_reg_reg is absorbed into DSP sum_reg_reg.
DSP Report: register sum_reg_reg is absorbed into DSP sum_reg_reg.
DSP Report: register m_reg_reg is absorbed into DSP sum_reg_reg.
DSP Report: operator sum_next is absorbed into DSP sum_reg_reg.
DSP Report: operator m_next is absorbed into DSP sum_reg_reg.
DSP Report: Generating DSP sum_reg_reg, operation Mode is: (C+(A2*B2)')'.
DSP Report: register b_reg_reg is absorbed into DSP sum_reg_reg.
DSP Report: register a_reg_reg is absorbed into DSP sum_reg_reg.
DSP Report: register sum_reg_reg is absorbed into DSP sum_reg_reg.
DSP Report: register m_reg_reg is absorbed into DSP sum_reg_reg.
DSP Report: operator sum_next is absorbed into DSP sum_reg_reg.
DSP Report: operator m_next is absorbed into DSP sum_reg_reg.
DSP Report: Generating DSP sum_reg_reg, operation Mode is: (C+(A2*B2)')'.
DSP Report: register b_reg_reg is absorbed into DSP sum_reg_reg.
DSP Report: register a_reg_reg is absorbed into DSP sum_reg_reg.
DSP Report: register sum_reg_reg is absorbed into DSP sum_reg_reg.
DSP Report: register m_reg_reg is absorbed into DSP sum_reg_reg.
DSP Report: operator sum_next is absorbed into DSP sum_reg_reg.
DSP Report: operator m_next is absorbed into DSP sum_reg_reg.
DSP Report: Generating DSP sum_reg_reg, operation Mode is: (C+(A2*B2)')'.
DSP Report: register b_reg_reg is absorbed into DSP sum_reg_reg.
DSP Report: register a_reg_reg is absorbed into DSP sum_reg_reg.
DSP Report: register sum_reg_reg is absorbed into DSP sum_reg_reg.
DSP Report: register m_reg_reg is absorbed into DSP sum_reg_reg.
DSP Report: operator sum_next is absorbed into DSP sum_reg_reg.
DSP Report: operator m_next is absorbed into DSP sum_reg_reg.
DSP Report: Generating DSP sum_reg_reg, operation Mode is: (C+(A2*B2)')'.
DSP Report: register b_reg_reg is absorbed into DSP sum_reg_reg.
DSP Report: register a_reg_reg is absorbed into DSP sum_reg_reg.
DSP Report: register sum_reg_reg is absorbed into DSP sum_reg_reg.
DSP Report: register m_reg_reg is absorbed into DSP sum_reg_reg.
DSP Report: operator sum_next is absorbed into DSP sum_reg_reg.
DSP Report: operator m_next is absorbed into DSP sum_reg_reg.
DSP Report: Generating DSP sum_reg_reg, operation Mode is: (C+(A2*B2)')'.
DSP Report: register b_reg_reg is absorbed into DSP sum_reg_reg.
DSP Report: register a_reg_reg is absorbed into DSP sum_reg_reg.
DSP Report: register sum_reg_reg is absorbed into DSP sum_reg_reg.
DSP Report: register m_reg_reg is absorbed into DSP sum_reg_reg.
DSP Report: operator sum_next is absorbed into DSP sum_reg_reg.
DSP Report: operator m_next is absorbed into DSP sum_reg_reg.
DSP Report: Generating DSP sum_reg_reg, operation Mode is: (C+(A2*B2)')'.
DSP Report: register b_reg_reg is absorbed into DSP sum_reg_reg.
DSP Report: register a_reg_reg is absorbed into DSP sum_reg_reg.
DSP Report: register sum_reg_reg is absorbed into DSP sum_reg_reg.
DSP Report: register m_reg_reg is absorbed into DSP sum_reg_reg.
DSP Report: operator sum_next is absorbed into DSP sum_reg_reg.
DSP Report: operator m_next is absorbed into DSP sum_reg_reg.
DSP Report: Generating DSP sum_reg_reg, operation Mode is: (C+(A2*B2)')'.
DSP Report: register b_reg_reg is absorbed into DSP sum_reg_reg.
DSP Report: register a_reg_reg is absorbed into DSP sum_reg_reg.
DSP Report: register sum_reg_reg is absorbed into DSP sum_reg_reg.
DSP Report: register m_reg_reg is absorbed into DSP sum_reg_reg.
DSP Report: operator sum_next is absorbed into DSP sum_reg_reg.
DSP Report: operator m_next is absorbed into DSP sum_reg_reg.
DSP Report: Generating DSP sum_reg_reg, operation Mode is: (C+(A2*B2)')'.
DSP Report: register b_reg_reg is absorbed into DSP sum_reg_reg.
DSP Report: register a_reg_reg is absorbed into DSP sum_reg_reg.
DSP Report: register sum_reg_reg is absorbed into DSP sum_reg_reg.
DSP Report: register m_reg_reg is absorbed into DSP sum_reg_reg.
DSP Report: operator sum_next is absorbed into DSP sum_reg_reg.
DSP Report: operator m_next is absorbed into DSP sum_reg_reg.
DSP Report: Generating DSP sum_reg_reg, operation Mode is: (C+(A2*B2)')'.
DSP Report: register b_reg_reg is absorbed into DSP sum_reg_reg.
DSP Report: register a_reg_reg is absorbed into DSP sum_reg_reg.
DSP Report: register sum_reg_reg is absorbed into DSP sum_reg_reg.
DSP Report: register m_reg_reg is absorbed into DSP sum_reg_reg.
DSP Report: operator sum_next is absorbed into DSP sum_reg_reg.
DSP Report: operator m_next is absorbed into DSP sum_reg_reg.
DSP Report: Generating DSP sum_reg_reg, operation Mode is: (C+(A2*B2)')'.
DSP Report: register b_reg_reg is absorbed into DSP sum_reg_reg.
DSP Report: register a_reg_reg is absorbed into DSP sum_reg_reg.
DSP Report: register sum_reg_reg is absorbed into DSP sum_reg_reg.
DSP Report: register m_reg_reg is absorbed into DSP sum_reg_reg.
DSP Report: operator sum_next is absorbed into DSP sum_reg_reg.
DSP Report: operator m_next is absorbed into DSP sum_reg_reg.
DSP Report: Generating DSP sum_reg_reg, operation Mode is: (C+(A2*B2)')'.
DSP Report: register b_reg_reg is absorbed into DSP sum_reg_reg.
DSP Report: register a_reg_reg is absorbed into DSP sum_reg_reg.
DSP Report: register sum_reg_reg is absorbed into DSP sum_reg_reg.
DSP Report: register m_reg_reg is absorbed into DSP sum_reg_reg.
DSP Report: operator sum_next is absorbed into DSP sum_reg_reg.
DSP Report: operator m_next is absorbed into DSP sum_reg_reg.
DSP Report: Generating DSP sum_reg_reg, operation Mode is: (C+(A2*B2)')'.
DSP Report: register b_reg_reg is absorbed into DSP sum_reg_reg.
DSP Report: register a_reg_reg is absorbed into DSP sum_reg_reg.
DSP Report: register sum_reg_reg is absorbed into DSP sum_reg_reg.
DSP Report: register m_reg_reg is absorbed into DSP sum_reg_reg.
DSP Report: operator sum_next is absorbed into DSP sum_reg_reg.
DSP Report: operator m_next is absorbed into DSP sum_reg_reg.
DSP Report: Generating DSP sum_reg_reg, operation Mode is: (C+(A2*B2)')'.
DSP Report: register b_reg_reg is absorbed into DSP sum_reg_reg.
DSP Report: register a_reg_reg is absorbed into DSP sum_reg_reg.
DSP Report: register sum_reg_reg is absorbed into DSP sum_reg_reg.
DSP Report: register m_reg_reg is absorbed into DSP sum_reg_reg.
DSP Report: operator sum_next is absorbed into DSP sum_reg_reg.
DSP Report: operator m_next is absorbed into DSP sum_reg_reg.
DSP Report: Generating DSP sum_reg_reg, operation Mode is: (C+(A2*B2)')'.
DSP Report: register b_reg_reg is absorbed into DSP sum_reg_reg.
DSP Report: register a_reg_reg is absorbed into DSP sum_reg_reg.
DSP Report: register sum_reg_reg is absorbed into DSP sum_reg_reg.
DSP Report: register m_reg_reg is absorbed into DSP sum_reg_reg.
DSP Report: operator sum_next is absorbed into DSP sum_reg_reg.
DSP Report: operator m_next is absorbed into DSP sum_reg_reg.
---------------------------------------------------------------------------------
Finished Cross Boundary and Area Optimization : Time (s): cpu = 00:00:16 ; elapsed = 00:00:16 . Memory (MB): peak = 1321.789 ; gain = 195.199
---------------------------------------------------------------------------------
---------------------------------------------------------------------------------
Start ROM, RAM, DSP, Shift Register and Retiming Reporting
---------------------------------------------------------------------------------

DSP: Preliminary Mapping	Report (see note below)
+------------+---------------+--------+--------+--------+--------+--------+------+------+------+------+-------+------+------+
|Module Name | DSP Mapping   | A Size | B Size | C Size | D Size | P Size | AREG | BREG | CREG | DREG | ADREG | MREG | PREG | 
+------------+---------------+--------+--------+--------+--------+--------+------+------+------+------+-------+------+------+
|mac         | (C+(A2*B2)')' | 17     | 17     | 34     | -      | 34     | 1    | 1    | 0    | -    | -     | 1    | 1    | 
|mac         | (C+(A2*B2)')' | 17     | 17     | 34     | -      | 34     | 1    | 1    | 0    | -    | -     | 1    | 1    | 
|mac         | (C+(A2*B2)')' | 17     | 17     | 34     | -      | 34     | 1    | 1    | 0    | -    | -     | 1    | 1    | 
|mac         | (C+(A2*B2)')' | 17     | 17     | 34     | -      | 34     | 1    | 1    | 0    | -    | -     | 1    | 1    | 
|mac         | (C+(A2*B2)')' | 17     | 17     | 34     | -      | 34     | 1    | 1    | 0    | -    | -     | 1    | 1    | 
|mac         | (C+(A2*B2)')' | 17     | 17     | 34     | -      | 34     | 1    | 1    | 0    | -    | -     | 1    | 1    | 
|mac         | (C+(A2*B2)')' | 17     | 17     | 34     | -      | 34     | 1    | 1    | 0    | -    | -     | 1    | 1    | 
|mac         | (C+(A2*B2)')' | 17     | 17     | 34     | -      | 34     | 1    | 1    | 0    | -    | -     | 1    | 1    | 
|mac         | (C+(A2*B2)')' | 17     | 17     | 34     | -      | 34     | 1    | 1    | 0    | -    | -     | 1    | 1    | 
|mac         | (C+(A2*B2)')' | 17     | 17     | 34     | -      | 34     | 1    | 1    | 0    | -    | -     | 1    | 1    | 
|mac         | (C+(A2*B2)')' | 17     | 17     | 34     | -      | 34     | 1    | 1    | 0    | -    | -     | 1    | 1    | 
|mac         | (C+(A2*B2)')' | 17     | 17     | 34     | -      | 34     | 1    | 1    | 0    | -    | -     | 1    | 1    | 
|mac         | (C+(A2*B2)')' | 17     | 17     | 34     | -      | 34     | 1    | 1    | 0    | -    | -     | 1    | 1    | 
|mac         | (C+(A2*B2)')' | 17     | 17     | 34     | -      | 34     | 1    | 1    | 0    | -    | -     | 1    | 1    | 
|mac         | (C+(A2*B2)')' | 17     | 17     | 34     | -      | 34     | 1    | 1    | 0    | -    | -     | 1    | 1    | 
|mac         | (C+(A2*B2)')' | 17     | 17     | 34     | -      | 34     | 1    | 1    | 0    | -    | -     | 1    | 1    | 
|mac         | (C+(A2*B2)')' | 17     | 17     | 34     | -      | 34     | 1    | 1    | 0    | -    | -     | 1    | 1    | 
|mac         | (C+(A2*B2)')' | 17     | 17     | 34     | -      | 34     | 1    | 1    | 0    | -    | -     | 1    | 1    | 
|mac         | (C+(A2*B2)')' | 17     | 17     | 34     | -      | 34     | 1    | 1    | 0    | -    | -     | 1    | 1    | 
|mac         | (C+(A2*B2)')' | 17     | 17     | 34     | -      | 34     | 1    | 1    | 0    | -    | -     | 1    | 1    | 
+------------+---------------+--------+--------+--------+--------+--------+------+------+------+------+-------+------+------+

Note: The table above is a preliminary report that shows the DSPs inferred at the current stage of the synthesis flow. Some DSP may be reimplemented as non DSP primitives later in the synthesis flow. Multiple instantiated DSPs are reported only once.
---------------------------------------------------------------------------------
Finished ROM, RAM, DSP, Shift Register and Retiming Reporting
---------------------------------------------------------------------------------
---------------------------------------------------------------------------------
Start Applying XDC Timing Constraints
---------------------------------------------------------------------------------
---------------------------------------------------------------------------------
Finished Applying XDC Timing Constraints : Time (s): cpu = 00:00:26 ; elapsed = 00:00:27 . Memory (MB): peak = 1333.637 ; gain = 207.047
---------------------------------------------------------------------------------
---------------------------------------------------------------------------------
Start Timing Optimization
---------------------------------------------------------------------------------
---------------------------------------------------------------------------------
Finished Timing Optimization : Time (s): cpu = 00:00:26 ; elapsed = 00:00:27 . Memory (MB): peak = 1336.516 ; gain = 209.926
---------------------------------------------------------------------------------
---------------------------------------------------------------------------------
Start Technology Mapping
---------------------------------------------------------------------------------
---------------------------------------------------------------------------------
Finished Technology Mapping : Time (s): cpu = 00:00:27 ; elapsed = 00:00:27 . Memory (MB): peak = 1355.633 ; gain = 229.043
---------------------------------------------------------------------------------
---------------------------------------------------------------------------------
Start IO Insertion
---------------------------------------------------------------------------------
---------------------------------------------------------------------------------
Start Flattening Before IO Insertion
---------------------------------------------------------------------------------
---------------------------------------------------------------------------------
Finished Flattening Before IO Insertion
---------------------------------------------------------------------------------
---------------------------------------------------------------------------------
Start Final Netlist Cleanup
---------------------------------------------------------------------------------
---------------------------------------------------------------------------------
Finished Final Netlist Cleanup
---------------------------------------------------------------------------------
---------------------------------------------------------------------------------
Finished IO Insertion : Time (s): cpu = 00:00:30 ; elapsed = 00:00:31 . Memory (MB): peak = 1366.984 ; gain = 240.395
---------------------------------------------------------------------------------
---------------------------------------------------------------------------------
Start Renaming Generated Instances
---------------------------------------------------------------------------------
---------------------------------------------------------------------------------
Finished Renaming Generated Instances : Time (s): cpu = 00:00:30 ; elapsed = 00:00:31 . Memory (MB): peak = 1366.984 ; gain = 240.395
---------------------------------------------------------------------------------
---------------------------------------------------------------------------------
Start Rebuilding User Hierarchy
---------------------------------------------------------------------------------
---------------------------------------------------------------------------------
Finished Rebuilding User Hierarchy : Time (s): cpu = 00:00:31 ; elapsed = 00:00:31 . Memory (MB): peak = 1366.984 ; gain = 240.395
---------------------------------------------------------------------------------
---------------------------------------------------------------------------------
Start Renaming Generated Ports
---------------------------------------------------------------------------------
---------------------------------------------------------------------------------
Finished Renaming Generated Ports : Time (s): cpu = 00:00:31 ; elapsed = 00:00:31 . Memory (MB): peak = 1366.984 ; gain = 240.395
---------------------------------------------------------------------------------
---------------------------------------------------------------------------------
Start Handling Custom Attributes
---------------------------------------------------------------------------------
---------------------------------------------------------------------------------
Finished Handling Custom Attributes : Time (s): cpu = 00:00:31 ; elapsed = 00:00:31 . Memory (MB): peak = 1366.984 ; gain = 240.395
---------------------------------------------------------------------------------
---------------------------------------------------------------------------------
Start Renaming Generated Nets
---------------------------------------------------------------------------------
---------------------------------------------------------------------------------
Finished Renaming Generated Nets : Time (s): cpu = 00:00:31 ; elapsed = 00:00:31 . Memory (MB): peak = 1366.984 ; gain = 240.395
---------------------------------------------------------------------------------
---------------------------------------------------------------------------------
Start Writing Synthesis Report
---------------------------------------------------------------------------------

Report BlackBoxes: 
+-+--------------+----------+
| |BlackBox name |Instances |
+-+--------------+----------+
+-+--------------+----------+

Report Cell Usage: 
+------+--------+------+
|      |Cell    |Count |
+------+--------+------+
|1     |DSP48E1 |    20|
|2     |LUT6    |    20|
|3     |FDRE    |   357|
+------+--------+------+
---------------------------------------------------------------------------------
Finished Writing Synthesis Report : Time (s): cpu = 00:00:31 ; elapsed = 00:00:31 . Memory (MB): peak = 1366.984 ; gain = 240.395
---------------------------------------------------------------------------------
Synthesis finished with 0 errors, 0 critical warnings and 0 warnings.
Synthesis Optimization Runtime : Time (s): cpu = 00:00:22 ; elapsed = 00:00:29 . Memory (MB): peak = 1366.984 ; gain = 114.379
Synthesis Optimization Complete : Time (s): cpu = 00:00:31 ; elapsed = 00:00:31 . Memory (MB): peak = 1366.984 ; gain = 240.395
INFO: [Project 1-571] Translating synthesized netlist
Netlist sorting complete. Time (s): cpu = 00:00:00 ; elapsed = 00:00:00.022 . Memory (MB): peak = 1366.984 ; gain = 0.000
INFO: [Netlist 29-17] Analyzing 20 Unisim elements for replacement
INFO: [Netlist 29-28] Unisim Transformation completed in 0 CPU seconds
INFO: [Project 1-570] Preparing netlist for logic optimization
INFO: [Opt 31-138] Pushed 0 inverter(s) to 0 load pin(s).
Netlist sorting complete. Time (s): cpu = 00:00:00 ; elapsed = 00:00:00 . Memory (MB): peak = 1366.984 ; gain = 0.000
INFO: [Project 1-111] Unisim Transformation Summary:
No Unisim elements were transformed.

INFO: [Common 17-83] Releasing license: Synthesis
18 Infos, 0 Warnings, 0 Critical Warnings and 0 Errors encountered.
synth_design completed successfully
synth_design: Time (s): cpu = 00:00:37 ; elapsed = 00:00:39 . Memory (MB): peak = 1366.984 ; gain = 240.395
INFO: [Common 17-1381] The checkpoint 'C:/Users/Andrej/Desktop/git/otporni/fir_filtar/fir_filtar.runs/synth_1/fir_filtar.dcp' has been generated.
INFO: [runtcl-4] Executing : report_utilization -file fir_filtar_utilization_synth.rpt -pb fir_filtar_utilization_synth.pb
INFO: [Common 17-206] Exiting Vivado at Thu Feb  2 10:21:50 2023...
