INFO: [VRFC 10-163] Analyzing VHDL file "C:/Users/Andrej/Desktop/git/otporni/fault_tolerant_fir/fault_tolerant_fir.sim/sim_1/synth/func/xsim/fault_tolerant_tb_func_synth.vhd" into library xil_defaultlib
INFO: [VRFC 10-3107] analyzing entity 'mac'
INFO: [VRFC 10-3107] analyzing entity 'mac_18'
INFO: [VRFC 10-3107] analyzing entity 'mac_38'
INFO: [VRFC 10-3107] analyzing entity 'mac_58'
INFO: [VRFC 10-3107] analyzing entity '\mac__parameterized0\'
INFO: [VRFC 10-3107] analyzing entity '\mac__parameterized0_0\'
INFO: [VRFC 10-3107] analyzing entity '\mac__parameterized0_1\'
INFO: [VRFC 10-3107] analyzing entity '\mac__parameterized0_10\'
INFO: [VRFC 10-3107] analyzing entity '\mac__parameterized0_11\'
INFO: [VRFC 10-3107] analyzing entity '\mac__parameterized0_12\'
INFO: [VRFC 10-3107] analyzing entity '\mac__parameterized0_13\'
INFO: [VRFC 10-3107] analyzing entity '\mac__parameterized0_14\'
INFO: [VRFC 10-3107] analyzing entity '\mac__parameterized0_15\'
INFO: [VRFC 10-3107] analyzing entity '\mac__parameterized0_16\'
INFO: [VRFC 10-3107] analyzing entity '\mac__parameterized0_17\'
INFO: [VRFC 10-3107] analyzing entity '\mac__parameterized0_19\'
INFO: [VRFC 10-3107] analyzing entity '\mac__parameterized0_2\'
INFO: [VRFC 10-3107] analyzing entity '\mac__parameterized0_20\'
INFO: [VRFC 10-3107] analyzing entity '\mac__parameterized0_21\'
INFO: [VRFC 10-3107] analyzing entity '\mac__parameterized0_22\'
INFO: [VRFC 10-3107] analyzing entity '\mac__parameterized0_23\'
INFO: [VRFC 10-3107] analyzing entity '\mac__parameterized0_24\'
INFO: [VRFC 10-3107] analyzing entity '\mac__parameterized0_25\'
INFO: [VRFC 10-3107] analyzing entity '\mac__parameterized0_26\'
INFO: [VRFC 10-3107] analyzing entity '\mac__parameterized0_27\'
INFO: [VRFC 10-3107] analyzing entity '\mac__parameterized0_28\'
INFO: [VRFC 10-3107] analyzing entity '\mac__parameterized0_29\'
INFO: [VRFC 10-3107] analyzing entity '\mac__parameterized0_3\'
INFO: [VRFC 10-3107] analyzing entity '\mac__parameterized0_30\'
INFO: [VRFC 10-3107] analyzing entity '\mac__parameterized0_31\'
INFO: [VRFC 10-3107] analyzing entity '\mac__parameterized0_32\'
INFO: [VRFC 10-3107] analyzing entity '\mac__parameterized0_33\'
INFO: [VRFC 10-3107] analyzing entity '\mac__parameterized0_34\'
INFO: [VRFC 10-3107] analyzing entity '\mac__parameterized0_35\'
INFO: [VRFC 10-3107] analyzing entity '\mac__parameterized0_36\'
INFO: [VRFC 10-3107] analyzing entity '\mac__parameterized0_37\'
INFO: [VRFC 10-3107] analyzing entity '\mac__parameterized0_39\'
INFO: [VRFC 10-3107] analyzing entity '\mac__parameterized0_4\'
INFO: [VRFC 10-3107] analyzing entity '\mac__parameterized0_40\'
INFO: [VRFC 10-3107] analyzing entity '\mac__parameterized0_41\'
INFO: [VRFC 10-3107] analyzing entity '\mac__parameterized0_42\'
INFO: [VRFC 10-3107] analyzing entity '\mac__parameterized0_43\'
INFO: [VRFC 10-3107] analyzing entity '\mac__parameterized0_44\'
INFO: [VRFC 10-3107] analyzing entity '\mac__parameterized0_45\'
INFO: [VRFC 10-3107] analyzing entity '\mac__parameterized0_46\'
INFO: [VRFC 10-3107] analyzing entity '\mac__parameterized0_47\'
INFO: [VRFC 10-3107] analyzing entity '\mac__parameterized0_48\'
INFO: [VRFC 10-3107] analyzing entity '\mac__parameterized0_49\'
INFO: [VRFC 10-3107] analyzing entity '\mac__parameterized0_5\'
INFO: [VRFC 10-3107] analyzing entity '\mac__parameterized0_50\'
INFO: [VRFC 10-3107] analyzing entity '\mac__parameterized0_51\'
INFO: [VRFC 10-3107] analyzing entity '\mac__parameterized0_52\'
INFO: [VRFC 10-3107] analyzing entity '\mac__parameterized0_53\'
INFO: [VRFC 10-3107] analyzing entity '\mac__parameterized0_54\'
INFO: [VRFC 10-3107] analyzing entity '\mac__parameterized0_55\'
INFO: [VRFC 10-3107] analyzing entity '\mac__parameterized0_56\'
INFO: [VRFC 10-3107] analyzing entity '\mac__parameterized0_57\'
INFO: [VRFC 10-3107] analyzing entity '\mac__parameterized0_59\'
INFO: [VRFC 10-3107] analyzing entity '\mac__parameterized0_6\'
INFO: [VRFC 10-3107] analyzing entity '\mac__parameterized0_60\'
INFO: [VRFC 10-3107] analyzing entity '\mac__parameterized0_61\'
INFO: [VRFC 10-3107] analyzing entity '\mac__parameterized0_62\'
INFO: [VRFC 10-3107] analyzing entity '\mac__parameterized0_63\'
INFO: [VRFC 10-3107] analyzing entity '\mac__parameterized0_64\'
INFO: [VRFC 10-3107] analyzing entity '\mac__parameterized0_65\'
INFO: [VRFC 10-3107] analyzing entity '\mac__parameterized0_66\'
INFO: [VRFC 10-3107] analyzing entity '\mac__parameterized0_67\'
INFO: [VRFC 10-3107] analyzing entity '\mac__parameterized0_68\'
INFO: [VRFC 10-3107] analyzing entity '\mac__parameterized0_69\'
INFO: [VRFC 10-3107] analyzing entity '\mac__parameterized0_7\'
INFO: [VRFC 10-3107] analyzing entity '\mac__parameterized0_70\'
INFO: [VRFC 10-3107] analyzing entity '\mac__parameterized0_71\'
INFO: [VRFC 10-3107] analyzing entity '\mac__parameterized0_72\'
INFO: [VRFC 10-3107] analyzing entity '\mac__parameterized0_73\'
INFO: [VRFC 10-3107] analyzing entity '\mac__parameterized0_74\'
INFO: [VRFC 10-3107] analyzing entity '\mac__parameterized0_75\'
INFO: [VRFC 10-3107] analyzing entity '\mac__parameterized0_76\'
INFO: [VRFC 10-3107] analyzing entity '\mac__parameterized0_77\'
INFO: [VRFC 10-3107] analyzing entity '\mac__parameterized0_8\'
INFO: [VRFC 10-3107] analyzing entity '\mac__parameterized0_9\'
INFO: [VRFC 10-3107] analyzing entity 'fir_filtar'
INFO: [VRFC 10-3107] analyzing entity '\fir_filtar__1\'
INFO: [VRFC 10-3107] analyzing entity '\fir_filtar__2\'
INFO: [VRFC 10-3107] analyzing entity '\fir_filtar__3\'
INFO: [VRFC 10-3107] analyzing entity 'module'
INFO: [VRFC 10-3107] analyzing entity '\module__1\'
INFO: [VRFC 10-3107] analyzing entity 'fault_tolerant'
INFO: [VRFC 10-163] Analyzing VHDL file "C:/Users/Andrej/Desktop/git/otporni/fault_tolerant_fir/fault_tolerant_fir.srcs/sim_1/new/fault_tolerant_tb.vhd" into library xil_defaultlib
INFO: [VRFC 10-3107] analyzing entity 'fault_tolerant_tb'
